<?xml version="1.0" encoding="UTF-8"?>
<testsuite xmlns:xsi="http://www.w3.org/2001/XMLSchema-instance" xsi:noNamespaceSchemaLocation="https://maven.apache.org/surefire/maven-surefire-plugin/xsd/surefire-test-report.xsd" name="com.jtspringproject.JtSpringProject.LoginTest" time="0.135" tests="23" errors="7" skipped="0" failures="0">
  <properties>
[...]
</properties>
  <testcase name="testIndexURLUniqueUsername" classname="com.jtspringproject.JtSpringProject.LoginTest" time="0.002"/>
  <testcase name="testReturnIndexStatus" classname="com.jtspringproject.JtSpringProject.LoginTest" time="0.007">
    <error message="I/O error on GET request for &quot;http://localhost:8080/logout&quot;: Connection refused (Connection refused); nested exception is java.net.ConnectException: Connection refused (Connection refused)" type="org.springframework.web.client.ResourceAccessException">org.springframework.web.client.ResourceAccessException: I/O error on GET request for "http://localhost:8080/logout": Connection refused (Connection refused); nested exception is java.net.ConnectException: Connection refused (Connection refused)
	at com.jtspringproject.JtSpringProject.LoginTest.testReturnIndexStatus(LoginTest.java:52)
Caused by: java.net.ConnectException: Connection refused (Connection refused)
	at com.jtspringproject.JtSpringProject.LoginTest.testReturnIndexStatus(LoginTest.java:52)
</error>
  </testcase>
  <testcase name="testIndexURLEmptyUsername" classname="com.jtspringproject.JtSpringProject.LoginTest" time="0.003"/>
  <testcase name="testAdminHomeStatus" classname="com.jtspringproject.JtSpringProject.LoginTest" time="0.006">
    <error message="I/O error on GET request for &quot;http://localhost:8080/adminhome&quot;: Connection refused (Connection refused); nested exception is java.net.ConnectException: Connection refused (Connection refused)" type="org.springframework.web.client.ResourceAccessException">org.springframework.web.client.ResourceAccessException: I/O error on GET request for "http://localhost:8080/adminhome": Connection refused (Connection refused); nested exception is java.net.ConnectException: Connection refused (Connection refused)
	at com.jtspringproject.JtSpringProject.LoginTest.testAdminHomeStatus(LoginTest.java:178)
Caused by: java.net.ConnectException: Connection refused (Connection refused)
	at com.jtspringproject.JtSpringProject.LoginTest.testAdminHomeStatus(LoginTest.java:178)
</error>
  </testcase>
  <testcase name="testAdminLoginURL" classname="com.jtspringproject.JtSpringProject.LoginTest" time="0.002"/>
  <testcase name="testAdminLogURL" classname="com.jtspringproject.JtSpringProject.LoginTest" time="0.002"/>
  <testcase name="testAdminLogStatus" classname="com.jtspringproject.JtSpringProject.LoginTest" time="0.007">
    <error message="I/O error on GET request for &quot;http://localhost:8080/loginvalidate&quot;: Connection refused (Connection refused); nested exception is java.net.ConnectException: Connection refused (Connection refused)" type="org.springframework.web.client.ResourceAccessException">org.springframework.web.client.ResourceAccessException: I/O error on GET request for "http://localhost:8080/loginvalidate": Connection refused (Connection refused); nested exception is java.net.ConnectException: Connection refused (Connection refused)
	at com.jtspringproject.JtSpringProject.LoginTest.testAdminLogStatus(LoginTest.java:192)
Caused by: java.net.ConnectException: Connection refused (Connection refused)
	at com.jtspringproject.JtSpringProject.LoginTest.testAdminLogStatus(LoginTest.java:192)
</error>
  </testcase>
  <testcase name="testUserLoginIncorrectCredentialsURL" classname="com.jtspringproject.JtSpringProject.LoginTest" time="0.011"/>
  <testcase name="testUserLoginUserExistsFalse" classname="com.jtspringproject.JtSpringProject.LoginTest" time="0.005"/>
  <testcase name="testAdminHomeWithAdminLogCheckEquals0URL" classname="com.jtspringproject.JtSpringProject.LoginTest" time="0.002"/>
  <testcase name="testAdminLoginValidateStatus" classname="com.jtspringproject.JtSpringProject.LoginTest" time="0.007">
    <error message="I/O error on GET request for &quot;http://localhost:8080/loginvalidate&quot;: Connection refused (Connection refused); nested exception is java.net.ConnectException: Connection refused (Connection refused)" type="org.springframework.web.client.ResourceAccessException">org.springframework.web.client.ResourceAccessException: I/O error on GET request for "http://localhost:8080/loginvalidate": Connection refused (Connection refused); nested exception is java.net.ConnectException: Connection refused (Connection refused)
	at com.jtspringproject.JtSpringProject.LoginTest.testAdminLoginValidateStatus(LoginTest.java:220)
Caused by: java.net.ConnectException: Connection refused (Connection refused)
	at com.jtspringproject.JtSpringProject.LoginTest.testAdminLoginValidateStatus(LoginTest.java:220)
</error>
  </testcase>
  <testcase name="testUserLoginCorrectCredentialsFieldValues" classname="com.jtspringproject.JtSpringProject.LoginTest" time="0.01"/>
  <testcase name="testAdminLoginCorrectUsernameAndPasswordFieldValue" classname="com.jtspringproject.JtSpringProject.LoginTest" time="0.002"/>
  <testcase name="testUserLogURL" classname="com.jtspringproject.JtSpringProject.LoginTest" time="0.002"/>
  <testcase name="testIndexStatus" classname="com.jtspringproject.JtSpringProject.LoginTest" time="0.007">
    <error message="I/O error on GET request for &quot;http://localhost:8080/index&quot;: Connection refused (Connection refused); nested exception is java.net.ConnectException: Connection refused (Connection refused)" type="org.springframework.web.client.ResourceAccessException">org.springframework.web.client.ResourceAccessException: I/O error on GET request for "http://localhost:8080/index": Connection refused (Connection refused); nested exception is java.net.ConnectException: Connection refused (Connection refused)
	at com.jtspringproject.JtSpringProject.LoginTest.testIndexStatus(LoginTest.java:74)
Caused by: java.net.ConnectException: Connection refused (Connection refused)
	at com.jtspringproject.JtSpringProject.LoginTest.testIndexStatus(LoginTest.java:74)
</error>
  </testcase>
  <testcase name="testAdminHomeWithAdminLogCheckNotEquals0" classname="com.jtspringproject.JtSpringProject.LoginTest" time="0.002"/>
  <testcase name="testAdminLoginCorrectUsernameAndPasswordURL" classname="com.jtspringproject.JtSpringProject.LoginTest" time="0.001"/>
  <testcase name="testUserLoginUserExistsTrue" classname="com.jtspringproject.JtSpringProject.LoginTest" time="0.008"/>
  <testcase name="testAdminLoginStatus" classname="com.jtspringproject.JtSpringProject.LoginTest" time="0.006">
    <error message="I/O error on GET request for &quot;http://localhost:8080/admin&quot;: Connection refused (Connection refused); nested exception is java.net.ConnectException: Connection refused (Connection refused)" type="org.springframework.web.client.ResourceAccessException">org.springframework.web.client.ResourceAccessException: I/O error on GET request for "http://localhost:8080/admin": Connection refused (Connection refused); nested exception is java.net.ConnectException: Connection refused (Connection refused)
	at com.jtspringproject.JtSpringProject.LoginTest.testAdminLoginStatus(LoginTest.java:155)
Caused by: java.net.ConnectException: Connection refused (Connection refused)
	at com.jtspringproject.JtSpringProject.LoginTest.testAdminLoginStatus(LoginTest.java:155)
</error>
  </testcase>
  <testcase name="testUserLogStatus" classname="com.jtspringproject.JtSpringProject.LoginTest" time="0.006">
    <error message="I/O error on GET request for &quot;http://localhost:8080/userloginvalidate&quot;: Connection refused (Connection refused); nested exception is java.net.ConnectException: Connection refused (Connection refused)" type="org.springframework.web.client.ResourceAccessException">org.springframework.web.client.ResourceAccessException: I/O error on GET request for "http://localhost:8080/userloginvalidate": Connection refused (Connection refused); nested exception is java.net.ConnectException: Connection refused (Connection refused)
	at com.jtspringproject.JtSpringProject.LoginTest.testUserLogStatus(LoginTest.java:88)
Caused by: java.net.ConnectException: Connection refused (Connection refused)
	at com.jtspringproject.JtSpringProject.LoginTest.testUserLogStatus(LoginTest.java:88)
</error>
  </testcase>
  <testcase name="testAdminLoginIncorrectUsernameAndPasswordURL" classname="com.jtspringproject.JtSpringProject.LoginTest" time="0.001"/>
  <testcase name="testReturnIndexURL" classname="com.jtspringproject.JtSpringProject.LoginTest" time="0.002"/>
  <testcase name="testUserLoginCorrectCredentialsURL" classname="com.jtspringproject.JtSpringProject.LoginTest" time="0.009"/>
</testsuite>