<?xml version="1.0" encoding="UTF-8"?>
<testsuite xmlns:xsi="http://www.w3.org/2001/XMLSchema-instance" xsi:noNamespaceSchemaLocation="https://maven.apache.org/surefire/maven-surefire-plugin/xsd/surefire-test-report.xsd" name="com.jtspringproject.JtSpringProject.AdminControllerTest" time="0.038" tests="5" errors="2" skipped="0" failures="0">
  <properties>
[...]
</properties>
  <testcase name="testGetCustomerDetailStatus" classname="com.jtspringproject.JtSpringProject.AdminControllerTest" time="0.006">
    <error message="I/O error on GET request for &quot;http://localhost:8080/admin/customers&quot;: Connection refused (Connection refused); nested exception is java.net.ConnectException: Connection refused (Connection refused)" type="org.springframework.web.client.ResourceAccessException">org.springframework.web.client.ResourceAccessException: I/O error on GET request for "http://localhost:8080/admin/customers": Connection refused (Connection refused); nested exception is java.net.ConnectException: Connection refused (Connection refused)
	at com.jtspringproject.JtSpringProject.AdminControllerTest.testGetCustomerDetailStatus(AdminControllerTest.java:49)
Caused by: java.net.ConnectException: Connection refused (Connection refused)
	at com.jtspringproject.JtSpringProject.AdminControllerTest.testGetCustomerDetailStatus(AdminControllerTest.java:49)
</error>
    <system-out><![CDATA[2023-04-19 13:44:11.314  INFO 60098 --- [           main] .b.t.c.SpringBootTestContextBootstrapper : Neither @ContextConfiguration nor @ContextHierarchy found for test class [com.jtspringproject.JtSpringProject.AdminControllerTest], using SpringBootContextLoader
2023-04-19 13:44:11.315  INFO 60098 --- [           main] o.s.t.c.support.AbstractContextLoader    : Could not detect default resource locations for test class [com.jtspringproject.JtSpringProject.AdminControllerTest]: no resource found for suffixes {-context.xml, Context.groovy}.
2023-04-19 13:44:11.315  INFO 60098 --- [           main] t.c.s.AnnotationConfigContextLoaderUtils : Could not detect default configuration classes for test class [com.jtspringproject.JtSpringProject.AdminControllerTest]: AdminControllerTest does not declare any static, non-private, non-final, nested classes annotated with @Configuration.
2023-04-19 13:44:11.316  INFO 60098 --- [           main] .b.t.c.SpringBootTestContextBootstrapper : Found @SpringBootConfiguration com.jtspringproject.JtSpringProject.JtSpringProjectApplication for test class com.jtspringproject.JtSpringProject.AdminControllerTest
2023-04-19 13:44:11.318  INFO 60098 --- [           main] .b.t.c.SpringBootTestContextBootstrapper : Loaded default TestExecutionListener class names from location [META-INF/spring.factories]: [org.springframework.boot.test.mock.mockito.MockitoTestExecutionListener, org.springframework.boot.test.mock.mockito.ResetMocksTestExecutionListener, org.springframework.boot.test.autoconfigure.restdocs.RestDocsTestExecutionListener, org.springframework.boot.test.autoconfigure.web.client.MockRestServiceServerResetTestExecutionListener, org.springframework.boot.test.autoconfigure.web.servlet.MockMvcPrintOnlyOnFailureTestExecutionListener, org.springframework.boot.test.autoconfigure.web.servlet.WebDriverTestExecutionListener, org.springframework.boot.test.autoconfigure.webservices.client.MockWebServiceServerTestExecutionListener, org.springframework.test.context.web.ServletTestExecutionListener, org.springframework.test.context.support.DirtiesContextBeforeModesTestExecutionListener, org.springframework.test.context.event.ApplicationEventsTestExecutionListener, org.springframework.test.context.support.DependencyInjectionTestExecutionListener, org.springframework.test.context.support.DirtiesContextTestExecutionListener, org.springframework.test.context.transaction.TransactionalTestExecutionListener, org.springframework.test.context.jdbc.SqlScriptsTestExecutionListener, org.springframework.test.context.event.EventPublishingTestExecutionListener]
2023-04-19 13:44:11.319  INFO 60098 --- [           main] .b.t.c.SpringBootTestContextBootstrapper : Using TestExecutionListeners: [org.springframework.test.context.web.ServletTestExecutionListener@7c4b5ceb, org.springframework.test.context.support.DirtiesContextBeforeModesTestExecutionListener@6c07add6, org.springframework.test.context.event.ApplicationEventsTestExecutionListener@e26a3df, org.springframework.boot.test.mock.mockito.MockitoTestExecutionListener@57a667c8, org.springframework.boot.test.autoconfigure.SpringBootDependencyInjectionTestExecutionListener@712cd5d3, org.springframework.test.context.support.DirtiesContextTestExecutionListener@2094bf3d, org.springframework.test.context.event.EventPublishingTestExecutionListener@1b17d8ab, org.springframework.boot.test.mock.mockito.ResetMocksTestExecutionListener@7f6b7426, org.springframework.boot.test.autoconfigure.restdocs.RestDocsTestExecutionListener@687eb455, org.springframework.boot.test.autoconfigure.web.client.MockRestServiceServerResetTestExecutionListener@6d969330, org.springframework.boot.test.autoconfigure.web.servlet.MockMvcPrintOnlyOnFailureTestExecutionListener@4861cca9, org.springframework.boot.test.autoconfigure.web.servlet.WebDriverTestExecutionListener@6c8f4bc7, org.springframework.boot.test.autoconfigure.webservices.client.MockWebServiceServerTestExecutionListener@714e861f]
]]></system-out>
  </testcase>
  <testcase name="testGetCustomerDetail" classname="com.jtspringproject.JtSpringProject.AdminControllerTest" time="0.002"/>
  <testcase name="testProfileDisplay" classname="com.jtspringproject.JtSpringProject.AdminControllerTest" time="0.005"/>
  <testcase name="testUpdateUserProfile" classname="com.jtspringproject.JtSpringProject.AdminControllerTest" time="0.015"/>
  <testcase name="testProfileDisplayStatus" classname="com.jtspringproject.JtSpringProject.AdminControllerTest" time="0.005">
    <error message="I/O error on GET request for &quot;http://localhost:8080/profileDisplay&quot;: Connection refused (Connection refused); nested exception is java.net.ConnectException: Connection refused (Connection refused)" type="org.springframework.web.client.ResourceAccessException">org.springframework.web.client.ResourceAccessException: I/O error on GET request for "http://localhost:8080/profileDisplay": Connection refused (Connection refused); nested exception is java.net.ConnectException: Connection refused (Connection refused)
	at com.jtspringproject.JtSpringProject.AdminControllerTest.testProfileDisplayStatus(AdminControllerTest.java:63)
Caused by: java.net.ConnectException: Connection refused (Connection refused)
	at com.jtspringproject.JtSpringProject.AdminControllerTest.testProfileDisplayStatus(AdminControllerTest.java:63)
</error>
  </testcase>
</testsuite>