<?xml version="1.0" encoding="UTF-8"?>
<testsuite xmlns:xsi="http://www.w3.org/2001/XMLSchema-instance" xsi:noNamespaceSchemaLocation="https://maven.apache.org/surefire/maven-surefire-plugin/xsd/surefire-test-report.xsd" name="com.jtspringproject.JtSpringProject.ProductTest" time="0.108" tests="16" errors="3" skipped="0" failures="2">
  <properties>
[...]
</properties>
  <testcase name="testRemoveProductDbIdNotExist" classname="com.jtspringproject.JtSpringProject.ProductTest" time="0.005"/>
  <testcase name="testRemoveCategoryDBNeg" classname="com.jtspringproject.JtSpringProject.ProductTest" time="0.005">
    <failure message="Expected com.fasterxml.jackson.databind.exc.MismatchedInputException to be thrown, but nothing was thrown." type="org.opentest4j.AssertionFailedError">org.opentest4j.AssertionFailedError: Expected com.fasterxml.jackson.databind.exc.MismatchedInputException to be thrown, but nothing was thrown.
	at com.jtspringproject.JtSpringProject.ProductTest.testRemoveCategoryDBNeg(ProductTest.java:191)
</failure>
  </testcase>
  <testcase name="testPostProductStatus" classname="com.jtspringproject.JtSpringProject.ProductTest" time="0.008">
    <error message="I/O error on GET request for &quot;http://localhost:8080/admin/products&quot;: Connection refused (Connection refused); nested exception is java.net.ConnectException: Connection refused (Connection refused)" type="org.springframework.web.client.ResourceAccessException">org.springframework.web.client.ResourceAccessException: I/O error on GET request for "http://localhost:8080/admin/products": Connection refused (Connection refused); nested exception is java.net.ConnectException: Connection refused (Connection refused)
	at com.jtspringproject.JtSpringProject.ProductTest.testPostProductStatus(ProductTest.java:214)
Caused by: java.net.ConnectException: Connection refused (Connection refused)
	at com.jtspringproject.JtSpringProject.ProductTest.testPostProductStatus(ProductTest.java:214)
</error>
  </testcase>
  <testcase name="testAddProductToDbURL" classname="com.jtspringproject.JtSpringProject.ProductTest" time="0.005"/>
  <testcase name="testPostProductURL" classname="com.jtspringproject.JtSpringProject.ProductTest" time="0.002"/>
  <testcase name="testGetProductStatus" classname="com.jtspringproject.JtSpringProject.ProductTest" time="0.005">
    <error message="I/O error on GET request for &quot;http://localhost:8080/admin/products&quot;: Connection refused (Connection refused); nested exception is java.net.ConnectException: Connection refused (Connection refused)" type="org.springframework.web.client.ResourceAccessException">org.springframework.web.client.ResourceAccessException: I/O error on GET request for "http://localhost:8080/admin/products": Connection refused (Connection refused); nested exception is java.net.ConnectException: Connection refused (Connection refused)
	at com.jtspringproject.JtSpringProject.ProductTest.testGetProductStatus(ProductTest.java:57)
Caused by: java.net.ConnectException: Connection refused (Connection refused)
	at com.jtspringproject.JtSpringProject.ProductTest.testGetProductStatus(ProductTest.java:57)
</error>
  </testcase>
  <testcase name="testRemoveProductDbData" classname="com.jtspringproject.JtSpringProject.ProductTest" time="0.007"/>
  <testcase name="testUpdateProductToDbData" classname="com.jtspringproject.JtSpringProject.ProductTest" time="0.01">
    <failure message="expected: &lt;mango111&gt; but was: &lt;&gt;" type="org.opentest4j.AssertionFailedError"><![CDATA[org.opentest4j.AssertionFailedError: expected: <mango111> but was: <>
	at com.jtspringproject.JtSpringProject.ProductTest.testUpdateProductToDbData(ProductTest.java:165)
]]></failure>
  </testcase>
  <testcase name="testGetProductURL" classname="com.jtspringproject.JtSpringProject.ProductTest" time="0.001"/>
  <testcase name="testAddProductURL" classname="com.jtspringproject.JtSpringProject.ProductTest" time="0.002"/>
  <testcase name="testUpdateProductURL" classname="com.jtspringproject.JtSpringProject.ProductTest" time="0.007"/>
  <testcase name="testUpdateProductToDbURL" classname="com.jtspringproject.JtSpringProject.ProductTest" time="0.004"/>
  <testcase name="testAddProductStatus" classname="com.jtspringproject.JtSpringProject.ProductTest" time="0.005">
    <error message="I/O error on GET request for &quot;http://localhost:8080/admin/products/add&quot;: Connection refused (Connection refused); nested exception is java.net.ConnectException: Connection refused (Connection refused)" type="org.springframework.web.client.ResourceAccessException">org.springframework.web.client.ResourceAccessException: I/O error on GET request for "http://localhost:8080/admin/products/add": Connection refused (Connection refused); nested exception is java.net.ConnectException: Connection refused (Connection refused)
	at com.jtspringproject.JtSpringProject.ProductTest.testAddProductStatus(ProductTest.java:71)
Caused by: java.net.ConnectException: Connection refused (Connection refused)
	at com.jtspringproject.JtSpringProject.ProductTest.testAddProductStatus(ProductTest.java:71)
</error>
  </testcase>
  <testcase name="testAddProductToDbData" classname="com.jtspringproject.JtSpringProject.ProductTest" time="0.014"/>
  <testcase name="testUpdateProductAttribute" classname="com.jtspringproject.JtSpringProject.ProductTest" time="0.012"/>
  <testcase name="testRemoveProductDbURL" classname="com.jtspringproject.JtSpringProject.ProductTest" time="0.005"/>
</testsuite>