<?xml version="1.0" encoding="UTF-8"?>
<testsuite xmlns:xsi="http://www.w3.org/2001/XMLSchema-instance" xsi:noNamespaceSchemaLocation="https://maven.apache.org/surefire/maven-surefire-plugin/xsd/surefire-test-report.xsd" name="com.jtspringproject.JtSpringProject.UserControllerTest" time="2.234" tests="9" errors="4" skipped="0" failures="0">
  <properties>
[...]
</properties>
  <testcase name="testContactStatus" classname="com.jtspringproject.JtSpringProject.UserControllerTest" time="0.29">
    <error message="I/O error on GET request for &quot;http://localhost:8080/contact&quot;: Connection refused (Connection refused); nested exception is java.net.ConnectException: Connection refused (Connection refused)" type="org.springframework.web.client.ResourceAccessException">org.springframework.web.client.ResourceAccessException: I/O error on GET request for "http://localhost:8080/contact": Connection refused (Connection refused); nested exception is java.net.ConnectException: Connection refused (Connection refused)
	at com.jtspringproject.JtSpringProject.UserControllerTest.testContactStatus(UserControllerTest.java:63)
Caused by: java.net.ConnectException: Connection refused (Connection refused)
	at com.jtspringproject.JtSpringProject.UserControllerTest.testContactStatus(UserControllerTest.java:63)
</error>
    <system-out><![CDATA[13:44:08.776 [main] DEBUG org.springframework.test.context.BootstrapUtils - Instantiating CacheAwareContextLoaderDelegate from class [org.springframework.test.context.cache.DefaultCacheAwareContextLoaderDelegate]
13:44:08.783 [main] DEBUG org.springframework.test.context.BootstrapUtils - Instantiating BootstrapContext using constructor [public org.springframework.test.context.support.DefaultBootstrapContext(java.lang.Class,org.springframework.test.context.CacheAwareContextLoaderDelegate)]
13:44:08.812 [main] DEBUG org.springframework.test.context.BootstrapUtils - Instantiating TestContextBootstrapper for test class [com.jtspringproject.JtSpringProject.UserControllerTest] from class [org.springframework.boot.test.context.SpringBootTestContextBootstrapper]
13:44:08.821 [main] INFO org.springframework.boot.test.context.SpringBootTestContextBootstrapper - Neither @ContextConfiguration nor @ContextHierarchy found for test class [com.jtspringproject.JtSpringProject.UserControllerTest], using SpringBootContextLoader
13:44:08.824 [main] DEBUG org.springframework.test.context.support.AbstractContextLoader - Did not detect default resource location for test class [com.jtspringproject.JtSpringProject.UserControllerTest]: class path resource [com/jtspringproject/JtSpringProject/UserControllerTest-context.xml] does not exist
13:44:08.824 [main] DEBUG org.springframework.test.context.support.AbstractContextLoader - Did not detect default resource location for test class [com.jtspringproject.JtSpringProject.UserControllerTest]: class path resource [com/jtspringproject/JtSpringProject/UserControllerTestContext.groovy] does not exist
13:44:08.825 [main] INFO org.springframework.test.context.support.AbstractContextLoader - Could not detect default resource locations for test class [com.jtspringproject.JtSpringProject.UserControllerTest]: no resource found for suffixes {-context.xml, Context.groovy}.
13:44:08.825 [main] INFO org.springframework.test.context.support.AnnotationConfigContextLoaderUtils - Could not detect default configuration classes for test class [com.jtspringproject.JtSpringProject.UserControllerTest]: UserControllerTest does not declare any static, non-private, non-final, nested classes annotated with @Configuration.
13:44:08.857 [main] DEBUG org.springframework.test.context.support.ActiveProfilesUtils - Could not find an 'annotation declaring class' for annotation type [org.springframework.test.context.ActiveProfiles] and class [com.jtspringproject.JtSpringProject.UserControllerTest]
13:44:08.904 [main] DEBUG org.springframework.context.annotation.ClassPathScanningCandidateComponentProvider - Identified candidate component class: file [/Users/thomasyu/IdeaProjects/Software-Testing-Group-Project/JtProject/target/classes/com/jtspringproject/JtSpringProject/JtSpringProjectApplication.class]
13:44:08.905 [main] INFO org.springframework.boot.test.context.SpringBootTestContextBootstrapper - Found @SpringBootConfiguration com.jtspringproject.JtSpringProject.JtSpringProjectApplication for test class com.jtspringproject.JtSpringProject.UserControllerTest
13:44:08.996 [main] DEBUG org.springframework.boot.test.context.SpringBootTestContextBootstrapper - @TestExecutionListeners is not present for class [com.jtspringproject.JtSpringProject.UserControllerTest]: using defaults.
13:44:08.997 [main] INFO org.springframework.boot.test.context.SpringBootTestContextBootstrapper - Loaded default TestExecutionListener class names from location [META-INF/spring.factories]: [org.springframework.boot.test.mock.mockito.MockitoTestExecutionListener, org.springframework.boot.test.mock.mockito.ResetMocksTestExecutionListener, org.springframework.boot.test.autoconfigure.restdocs.RestDocsTestExecutionListener, org.springframework.boot.test.autoconfigure.web.client.MockRestServiceServerResetTestExecutionListener, org.springframework.boot.test.autoconfigure.web.servlet.MockMvcPrintOnlyOnFailureTestExecutionListener, org.springframework.boot.test.autoconfigure.web.servlet.WebDriverTestExecutionListener, org.springframework.boot.test.autoconfigure.webservices.client.MockWebServiceServerTestExecutionListener, org.springframework.test.context.web.ServletTestExecutionListener, org.springframework.test.context.support.DirtiesContextBeforeModesTestExecutionListener, org.springframework.test.context.event.ApplicationEventsTestExecutionListener, org.springframework.test.context.support.DependencyInjectionTestExecutionListener, org.springframework.test.context.support.DirtiesContextTestExecutionListener, org.springframework.test.context.transaction.TransactionalTestExecutionListener, org.springframework.test.context.jdbc.SqlScriptsTestExecutionListener, org.springframework.test.context.event.EventPublishingTestExecutionListener]
13:44:09.009 [main] DEBUG org.springframework.boot.test.context.SpringBootTestContextBootstrapper - Skipping candidate TestExecutionListener [org.springframework.test.context.transaction.TransactionalTestExecutionListener] due to a missing dependency. Specify custom listener classes or make the default listener classes and their required dependencies available. Offending class: [org/springframework/transaction/TransactionDefinition]
13:44:09.009 [main] DEBUG org.springframework.boot.test.context.SpringBootTestContextBootstrapper - Skipping candidate TestExecutionListener [org.springframework.test.context.jdbc.SqlScriptsTestExecutionListener] due to a missing dependency. Specify custom listener classes or make the default listener classes and their required dependencies available. Offending class: [org/springframework/transaction/interceptor/TransactionAttribute]
13:44:09.010 [main] INFO org.springframework.boot.test.context.SpringBootTestContextBootstrapper - Using TestExecutionListeners: [org.springframework.test.context.web.ServletTestExecutionListener@5f7b97da, org.springframework.test.context.support.DirtiesContextBeforeModesTestExecutionListener@18b0930f, org.springframework.test.context.event.ApplicationEventsTestExecutionListener@6b7906b3, org.springframework.boot.test.mock.mockito.MockitoTestExecutionListener@3a1dd365, org.springframework.boot.test.autoconfigure.SpringBootDependencyInjectionTestExecutionListener@395b56bb, org.springframework.test.context.support.DirtiesContextTestExecutionListener@256f8274, org.springframework.test.context.event.EventPublishingTestExecutionListener@68044f4, org.springframework.boot.test.mock.mockito.ResetMocksTestExecutionListener@52d239ba, org.springframework.boot.test.autoconfigure.restdocs.RestDocsTestExecutionListener@315f43d5, org.springframework.boot.test.autoconfigure.web.client.MockRestServiceServerResetTestExecutionListener@68fa0ba8, org.springframework.boot.test.autoconfigure.web.servlet.MockMvcPrintOnlyOnFailureTestExecutionListener@6c5945a7, org.springframework.boot.test.autoconfigure.web.servlet.WebDriverTestExecutionListener@2f05be7f, org.springframework.boot.test.autoconfigure.webservices.client.MockWebServiceServerTestExecutionListener@640f11a1]
13:44:09.013 [main] DEBUG org.springframework.test.context.support.AbstractDirtiesContextTestExecutionListener - Before test class: context [DefaultTestContext@5a411614 testClass = UserControllerTest, testInstance = [null], testMethod = [null], testException = [null], mergedContextConfiguration = [WebMergedContextConfiguration@2374d36a testClass = UserControllerTest, locations = '{}', classes = '{class com.jtspringproject.JtSpringProject.JtSpringProjectApplication}', contextInitializerClasses = '[]', activeProfiles = '{}', propertySourceLocations = '{}', propertySourceProperties = '{org.springframework.boot.test.context.SpringBootTestContextBootstrapper=true}', contextCustomizers = set[org.springframework.boot.test.context.filter.ExcludeFilterContextCustomizer@44be0077, org.springframework.boot.test.json.DuplicateJsonObjectContextCustomizerFactory$DuplicateJsonObjectContextCustomizer@6aa8e115, org.springframework.boot.test.mock.mockito.MockitoContextCustomizer@0, org.springframework.boot.test.web.client.TestRestTemplateContextCustomizer@3116c353, org.springframework.boot.test.autoconfigure.actuate.metrics.MetricsExportContextCustomizerFactory$DisableMetricExportContextCustomizer@463fd068, org.springframework.boot.test.autoconfigure.properties.PropertyMappingContextCustomizer@0, org.springframework.boot.test.autoconfigure.web.servlet.WebDriverContextCustomizerFactory$Customizer@1c39680d, org.springframework.boot.test.context.SpringBootTestArgs@1, org.springframework.boot.test.context.SpringBootTestWebEnvironment@124c278f], resourceBasePath = 'src/main/webapp', contextLoader = 'org.springframework.boot.test.context.SpringBootContextLoader', parent = [null]], attributes = map['org.springframework.test.context.web.ServletTestExecutionListener.activateListener' -> true]], class annotated with @DirtiesContext [false] with mode [null].

  .   ____          _            __ _ _
 /\\ / ___'_ __ _ _(_)_ __  __ _ \ \ \ \
( ( )\___ | '_ | '_| | '_ \/ _` | \ \ \ \
 \\/  ___)| |_)| | | | | || (_| |  ) ) ) )
  '  |____| .__|_| |_|_| |_\__, | / / / /
 =========|_|==============|___/=/_/_/_/
 :: Spring Boot ::                (v2.6.4)

2023-04-19 13:44:09.305  INFO 60098 --- [           main] c.j.JtSpringProject.UserControllerTest   : Starting UserControllerTest using Java 11.0.10 on Thomass-MacBook-Pro.local with PID 60098 (started by thomasyu in /Users/thomasyu/IdeaProjects/Software-Testing-Group-Project/JtProject)
2023-04-19 13:44:09.306  INFO 60098 --- [           main] c.j.JtSpringProject.UserControllerTest   : No active profile set, falling back to 1 default profile: "default"
2023-04-19 13:44:10.308  INFO 60098 --- [           main] o.s.b.a.w.s.WelcomePageHandlerMapping    : Adding welcome page template: index
2023-04-19 13:44:10.429  INFO 60098 --- [           main] c.j.JtSpringProject.UserControllerTest   : Started UserControllerTest in 1.378 seconds (JVM running for 2.237)
]]></system-out>
  </testcase>
  <testcase name="testBuy" classname="com.jtspringproject.JtSpringProject.UserControllerTest" time="0.005"/>
  <testcase name="testGetProductStatus" classname="com.jtspringproject.JtSpringProject.UserControllerTest" time="0.009">
    <error message="I/O error on GET request for &quot;http://localhost:8080/user/products&quot;: Connection refused (Connection refused); nested exception is java.net.ConnectException: Connection refused (Connection refused)" type="org.springframework.web.client.ResourceAccessException">org.springframework.web.client.ResourceAccessException: I/O error on GET request for "http://localhost:8080/user/products": Connection refused (Connection refused); nested exception is java.net.ConnectException: Connection refused (Connection refused)
	at com.jtspringproject.JtSpringProject.UserControllerTest.testGetProductStatus(UserControllerTest.java:91)
Caused by: java.net.ConnectException: Connection refused (Connection refused)
	at com.jtspringproject.JtSpringProject.UserControllerTest.testGetProductStatus(UserControllerTest.java:91)
</error>
  </testcase>
  <testcase name="testRegisterUser" classname="com.jtspringproject.JtSpringProject.UserControllerTest" time="0.002"/>
  <testcase name="testNewUseRegister" classname="com.jtspringproject.JtSpringProject.UserControllerTest" time="0.172"/>
  <testcase name="testBuyStatus" classname="com.jtspringproject.JtSpringProject.UserControllerTest" time="0.005">
    <error message="I/O error on GET request for &quot;http://localhost:8080/buy&quot;: Connection refused (Connection refused); nested exception is java.net.ConnectException: Connection refused (Connection refused)" type="org.springframework.web.client.ResourceAccessException">org.springframework.web.client.ResourceAccessException: I/O error on GET request for "http://localhost:8080/buy": Connection refused (Connection refused); nested exception is java.net.ConnectException: Connection refused (Connection refused)
	at com.jtspringproject.JtSpringProject.UserControllerTest.testBuyStatus(UserControllerTest.java:77)
Caused by: java.net.ConnectException: Connection refused (Connection refused)
	at com.jtspringproject.JtSpringProject.UserControllerTest.testBuyStatus(UserControllerTest.java:77)
</error>
  </testcase>
  <testcase name="testGetProduct" classname="com.jtspringproject.JtSpringProject.UserControllerTest" time="0.002"/>
  <testcase name="testContact" classname="com.jtspringproject.JtSpringProject.UserControllerTest" time="0.002"/>
  <testcase name="testRegisterUserStatus" classname="com.jtspringproject.JtSpringProject.UserControllerTest" time="0.006">
    <error message="I/O error on GET request for &quot;http://localhost:8080/register&quot;: Connection refused (Connection refused); nested exception is java.net.ConnectException: Connection refused (Connection refused)" type="org.springframework.web.client.ResourceAccessException">org.springframework.web.client.ResourceAccessException: I/O error on GET request for "http://localhost:8080/register": Connection refused (Connection refused); nested exception is java.net.ConnectException: Connection refused (Connection refused)
	at com.jtspringproject.JtSpringProject.UserControllerTest.testRegisterUserStatus(UserControllerTest.java:49)
Caused by: java.net.ConnectException: Connection refused (Connection refused)
	at com.jtspringproject.JtSpringProject.UserControllerTest.testRegisterUserStatus(UserControllerTest.java:49)
</error>
  </testcase>
</testsuite>